<?xml version="1.0" encoding="UTF-8"?>
<testng-results ignored="0" total="1" passed="1" failed="0" skipped="0">
  <reporter-output>
  </reporter-output>
  <suite started-at="2023-06-26T17:15:14 IST" name="Suite" finished-at="2023-06-26T17:15:37 IST" duration-ms="22932">
    <groups>
    </groups>
    <test started-at="2023-06-26T17:15:14 IST" name="Test" finished-at="2023-06-26T17:15:37 IST" duration-ms="22932">
      <class name="com.qa.testlayer.TestClass">
        <test-method is-config="true" signature="setUp()[pri:0, instance:com.qa.testlayer.TestClass@6c64cb25]" started-at="2023-06-26T17:15:14 IST" name="setUp" finished-at="2023-06-26T17:15:20 IST" duration-ms="5743" status="PASS">
          <reporter-output>
          </reporter-output>
        </test-method> <!-- setUp -->
        <test-method is-config="true" signature="login()[pri:0, instance:com.qa.testlayer.TestClass@6c64cb25]" started-at="2023-06-26T17:15:20 IST" name="login" finished-at="2023-06-26T17:15:26 IST" duration-ms="5785" status="PASS">
          <reporter-output>
          </reporter-output>
        </test-method> <!-- login -->
        <test-method signature="mouseOver()[pri:0, instance:com.qa.testlayer.TestClass@6c64cb25]" started-at="2023-06-26T17:15:26 IST" name="mouseOver" finished-at="2023-06-26T17:15:37 IST" duration-ms="10969" status="PASS">
          <reporter-output>
          </reporter-output>
        </test-method> <!-- mouseOver -->
        <test-method is-config="true" signature="name()[pri:0, instance:com.qa.testlayer.TestClass@6c64cb25]" started-at="2023-06-26T17:15:37 IST" name="name" finished-at="2023-06-26T17:15:37 IST" duration-ms="0" status="PASS">
          <reporter-output>
          </reporter-output>
        </test-method> <!-- name -->
        <test-method is-config="true" signature="tearDown()[pri:0, instance:com.qa.testlayer.TestClass@6c64cb25]" started-at="2023-06-26T17:15:37 IST" name="tearDown" finished-at="2023-06-26T17:15:37 IST" duration-ms="379" status="PASS">
          <reporter-output>
          </reporter-output>
        </test-method> <!-- tearDown -->
      </class> <!-- com.qa.testlayer.TestClass -->
    </test> <!-- Test -->
  </suite> <!-- Suite -->
</testng-results>
